#
# There is insufficient memory for the Java Runtime Environment to continue.
# Native memory allocation (mmap) failed to map 264241152 bytes. Error detail: G1 virtual space
# Possible reasons:
#   The system is out of physical RAM or swap space
#   This process is running with CompressedOops enabled, and the Java Heap may be blocking the growth of the native heap
# Possible solutions:
#   Reduce memory load on the system
#   Increase physical memory or swap space
#   Check if swap backing store is full
#   Decrease Java heap size (-Xmx/-Xms)
#   Decrease number of Java threads
#   Decrease Java thread stack sizes (-Xss)
#   Set larger code cache with -XX:ReservedCodeCacheSize=
#   JVM is running with Zero Based Compressed Oops mode in which the Java heap is
#     placed in the first 32GB address space. The Java Heap base address is the
#     maximum limit for the native heap growth. Please use -XX:HeapBaseMinAddress
#     to set the Java Heap base and to place the Java Heap above 32GB virtual address.
# This output file may be truncated or incomplete.
#
#  Out of Memory Error (os_windows.cpp:3828), pid=13980, tid=21040
#
# JRE version:  (21.0.4) (build )
# Java VM: OpenJDK 64-Bit Server VM (21.0.4+-12508038-b607.1, mixed mode, sharing, tiered, compressed oops, compressed class ptrs, g1 gc, windows-amd64)
# No core dump will be written. Minidumps are not enabled by default on client versions of Windows
#

---------------  S U M M A R Y ------------

Command Line: git4idea.http.GitAskPassApp Username for 'https://github.com': 

Host: 12th Gen Intel(R) Core(TM) i5-1245U, 12 cores, 15G,  Windows 11 , 64 bit Build 26100 (10.0.26100.3037)
Time: Sun Feb 16 11:54:30 2025 Pakistan Standard Time elapsed time: 0.007640 seconds (0d 0h 0m 0s)

---------------  T H R E A D  ---------------

Current thread (0x00000234562493f0):  JavaThread "Unknown thread" [_thread_in_vm, id=21040, stack(0x0000006328500000,0x0000006328600000) (1024K)]

Stack: [0x0000006328500000,0x0000006328600000]
Native frames: (J=compiled Java code, j=interpreted, Vv=VM code, C=native code)
V  [jvm.dll+0x6ce539]
V  [jvm.dll+0x85bf03]
V  [jvm.dll+0x85e45e]
V  [jvm.dll+0x85eb43]
V  [jvm.dll+0x27dd06]
V  [jvm.dll+0x6cada5]
V  [jvm.dll+0x6bf27a]
V  [jvm.dll+0x3541fb]
V  [jvm.dll+0x35be36]
V  [jvm.dll+0x3adbc6]
V  [jvm.dll+0x3ade98]
V  [jvm.dll+0x32691c]
V  [jvm.dll+0x32760b]
V  [jvm.dll+0x823959]
V  [jvm.dll+0x3bacf8]
V  [jvm.dll+0x80cd58]
V  [jvm.dll+0x44ef2e]
V  [jvm.dll+0x450691]
C  [jli.dll+0x52ab]
C  [ucrtbase.dll+0x37b0]
C  [KERNEL32.DLL+0x2e8d7]
C  [ntdll.dll+0xbbf2c]


---------------  P R O C E S S  ---------------

Threads class SMR info:
_java_thread_list=0x00007ffcd84fa808, length=0, elements={
}

Java Threads: ( => current thread )
Total: 0

Other Threads:
  0x00000234562af4b0 WorkerThread "GC Thread#0"                     [id=15004, stack(0x0000006328600000,0x0000006328700000) (1024K)]
  0x00000234562feb80 ConcurrentGCThread "G1 Main Marker"            [id=10252, stack(0x0000006328700000,0x0000006328800000) (1024K)]
  0x00000234562ff680 WorkerThread "G1 Conc#0"                       [id=9704, stack(0x0000006328800000,0x0000006328900000) (1024K)]

[error occurred during error reporting (printing all threads), id 0xc0000005, EXCEPTION_ACCESS_VIOLATION (0xc0000005) at pc=0x00007ffcd7cf9957]
VM state: not at safepoint (not fully initialized)

VM Mutex/Monitor currently owned by a thread:  ([mutex/lock_event])
[0x00007ffcd85673f8] Heap_lock - owner thread: 0x00000234562493f0

Heap address: 0x0000000705200000, size: 4014 MB, Compressed Oops mode: Zero based, Oop shift amount: 3

CDS archive(s) mapped at: [0x0000000000000000-0x0000000000000000-0x0000000000000000), size 0, SharedBaseAddress: 0x0000000800000000, ArchiveRelocationMode: 1.
Narrow klass base: 0x0000000000000000, Narrow klass shift: 0, Narrow klass range: 0x0

GC Precious Log:
 CardTable entry size: 512
 Card Set container configuration: InlinePtr #cards 4 size 8 Array Of Cards #cards 16 size 48 Howl #buckets 8 coarsen threshold 3686 Howl Bitmap #cards 512 size 80 coarsen threshold 460 Card regions per heap region 1 cards per card region 4096

Heap:
 garbage-first heap   total 0K, used 0K [0x0000000705200000, 0x0000000800000000)
  region size 2048K, 0 young (0K), 0 survivors (0K)
 Metaspace       used 0K, committed 0K, reserved 0K
  class space    used 0K, committed 0K, reserved 0K

Heap Regions: E=young(eden), S=young(survivor), O=old, HS=humongous(starts), HC=humongous(continues), CS=collection set, F=free, TAMS=top-at-mark-start, PB=parsable bottom

Card table byte_map: [0x000002346b0c0000,0x000002346b8a0000] _byte_map_base: 0x0000023467897000

Marking Bits: (CMBitMap*) 0x00000234562afbb0
 Bits: [0x000002346b8a0000, 0x000002346f758000)

GC Heap History (0 events):
No events

Dll operation events (1 events):
Event: 0.005 Loaded shared library D:\Android studio\jbr\bin\java.dll

Deoptimization events (0 events):
No events

Classes loaded (0 events):
No events

Classes unloaded (0 events):
No events

Classes redefined (0 events):
No events

Internal exceptions (0 events):
No events

ZGC Phase Switch (0 events):
No events

VM Operations (0 events):
No events

Memory protections (0 events):
No events

Nmethod flushes (0 events):
No events

Events (0 events):
No events


Dynamic libraries:
0x00007ff7cd020000 - 0x00007ff7cd02a000 	D:\Android studio\jbr\bin\java.exe
0x00007ffd2cfe0000 - 0x00007ffd2d243000 	C:\WINDOWS\SYSTEM32\ntdll.dll
0x00007ffd2afe0000 - 0x00007ffd2b0a7000 	C:\WINDOWS\System32\KERNEL32.DLL
0x00007ffd2a380000 - 0x00007ffd2a747000 	C:\WINDOWS\System32\KERNELBASE.dll
0x00007ffd2ab20000 - 0x00007ffd2ac6c000 	C:\WINDOWS\System32\ucrtbase.dll
0x00007ffd0e710000 - 0x00007ffd0e728000 	D:\Android studio\jbr\bin\jli.dll
0x00007ffd22770000 - 0x00007ffd2278b000 	D:\Android studio\jbr\bin\VCRUNTIME140.dll
0x00007ffd2b540000 - 0x00007ffd2b709000 	C:\WINDOWS\System32\USER32.dll
0x00007ffd08cc0000 - 0x00007ffd08f50000 	C:\WINDOWS\WinSxS\amd64_microsoft.windows.common-controls_6595b64144ccf1df_6.0.26100.3037_none_3e09262ce333c378\COMCTL32.dll
0x00007ffd2ac70000 - 0x00007ffd2ac97000 	C:\WINDOWS\System32\win32u.dll
0x00007ffd2bc60000 - 0x00007ffd2bd09000 	C:\WINDOWS\System32\msvcrt.dll
0x00007ffd2b770000 - 0x00007ffd2b79a000 	C:\WINDOWS\System32\GDI32.dll
0x00007ffd2a8a0000 - 0x00007ffd2a9cb000 	C:\WINDOWS\System32\gdi32full.dll
0x00007ffd2a750000 - 0x00007ffd2a7f3000 	C:\WINDOWS\System32\msvcp_win.dll
0x00007ffd2b720000 - 0x00007ffd2b74f000 	C:\WINDOWS\System32\IMM32.DLL
0x00007ffd1e8d0000 - 0x00007ffd1e8dc000 	D:\Android studio\jbr\bin\vcruntime140_1.dll
0x00007ffcf1860000 - 0x00007ffcf18ed000 	D:\Android studio\jbr\bin\msvcp140.dll
0x00007ffcd79c0000 - 0x00007ffcd8643000 	D:\Android studio\jbr\bin\server\jvm.dll
0x00007ffd2b0b0000 - 0x00007ffd2b164000 	C:\WINDOWS\System32\ADVAPI32.dll
0x00007ffd2cdf0000 - 0x00007ffd2ce96000 	C:\WINDOWS\System32\sechost.dll
0x00007ffd2ccd0000 - 0x00007ffd2cde6000 	C:\WINDOWS\System32\RPCRT4.dll
0x00007ffd2cea0000 - 0x00007ffd2cf14000 	C:\WINDOWS\System32\WS2_32.dll
0x00007ffd2a210000 - 0x00007ffd2a25e000 	C:\WINDOWS\SYSTEM32\POWRPROF.dll
0x00007ffd1ca50000 - 0x00007ffd1ca86000 	C:\WINDOWS\SYSTEM32\WINMM.dll
0x00007ffd17190000 - 0x00007ffd1719b000 	C:\WINDOWS\SYSTEM32\VERSION.dll
0x00007ffd2a1f0000 - 0x00007ffd2a204000 	C:\WINDOWS\SYSTEM32\UMPDC.dll
0x00007ffd29170000 - 0x00007ffd2918a000 	C:\WINDOWS\SYSTEM32\kernel.appcore.dll
0x00007ffd1e150000 - 0x00007ffd1e15a000 	D:\Android studio\jbr\bin\jimage.dll
0x00007ffd27cf0000 - 0x00007ffd27f31000 	C:\WINDOWS\SYSTEM32\DBGHELP.DLL
0x00007ffd2be00000 - 0x00007ffd2c17e000 	C:\WINDOWS\System32\combase.dll
0x00007ffd2b460000 - 0x00007ffd2b536000 	C:\WINDOWS\System32\OLEAUT32.dll
0x00007ffd13ec0000 - 0x00007ffd13ef9000 	C:\WINDOWS\SYSTEM32\dbgcore.DLL
0x00007ffd2a800000 - 0x00007ffd2a899000 	C:\WINDOWS\System32\bcryptPrimitives.dll
0x00007ffd16890000 - 0x00007ffd168b0000 	D:\Android studio\jbr\bin\java.dll

dbghelp: loaded successfully - version: 4.0.5 - missing functions: none
symbol engine: initialized successfully - sym options: 0x614 - pdb path: .;D:\Android studio\jbr\bin;C:\WINDOWS\SYSTEM32;C:\WINDOWS\WinSxS\amd64_microsoft.windows.common-controls_6595b64144ccf1df_6.0.26100.3037_none_3e09262ce333c378;D:\Android studio\jbr\bin\server

VM Arguments:
java_command: git4idea.http.GitAskPassApp Username for 'https://github.com': 
java_class_path (initial): D:/Android studio/plugins/vcs-git/lib/git4idea-rt.jar;D:/Android studio/lib/externalProcess-rt.jar
Launcher Type: SUN_STANDARD

[Global flags]
     intx CICompilerCount                          = 4                                         {product} {ergonomic}
     uint ConcGCThreads                            = 3                                         {product} {ergonomic}
     uint G1ConcRefinementThreads                  = 10                                        {product} {ergonomic}
   size_t G1HeapRegionSize                         = 2097152                                   {product} {ergonomic}
    uintx GCDrainStackTargetSize                   = 64                                        {product} {ergonomic}
   size_t InitialHeapSize                          = 264241152                                 {product} {ergonomic}
   size_t MarkStackSize                            = 4194304                                   {product} {ergonomic}
   size_t MaxHeapSize                              = 4208984064                                {product} {ergonomic}
   size_t MinHeapDeltaBytes                        = 2097152                                   {product} {ergonomic}
   size_t MinHeapSize                              = 8388608                                   {product} {ergonomic}
    uintx NonNMethodCodeHeapSize                   = 5839372                                {pd product} {ergonomic}
    uintx NonProfiledCodeHeapSize                  = 122909434                              {pd product} {ergonomic}
    uintx ProfiledCodeHeapSize                     = 122909434                              {pd product} {ergonomic}
    uintx ReservedCodeCacheSize                    = 251658240                              {pd product} {ergonomic}
     bool SegmentedCodeCache                       = true                                      {product} {ergonomic}
   size_t SoftMaxHeapSize                          = 4208984064                             {manageable} {ergonomic}
     bool UseCompressedOops                        = true                           {product lp64_product} {ergonomic}
     bool UseG1GC                                  = true                                      {product} {ergonomic}
     bool UseLargePagesIndividualAllocation        = false                                  {pd product} {ergonomic}

Logging:
Log output configuration:
 #0: stdout all=warning uptime,level,tags foldmultilines=false
 #1: stderr all=off uptime,level,tags foldmultilines=false

Environment Variables:
JAVA_HOME=C:\Program Files\Java\jdk-22
PATH=C:\Program Files\Git\mingw64\libexec\git-core;C:\Program Files\Git\mingw64\libexec\git-core;C:\Program Files\Git\mingw64\bin;C:\Program Files\Git\usr\bin;C:\Users\Lenovo\bin;D:\python\Scripts;D:\python;C:\Program Files\Common Files\Oracle\Java\javapath;C:\WINDOWS\system32;C:\WINDOWS;C:\WINDOWS\System32\Wbem;C:\WINDOWS\System32\WindowsPowerShell\v1.0;C:\WINDOWS\System32\OpenSSH;C:\Program Files\Java\jdk-22\bin;C:\Program Files\Git\cmd;C:\Users\Lenovo\AppData\Local\Microsoft\WindowsApps;D:\IntelliJ IDEA Community Edition 2024.2.3\bin;D:\Microsoft VS Code\bin;D:\mingw\ucrt64\bin
USERNAME=Lenovo
DISPLAY=:0.0
LC_ALL=en_US.UTF-8
TERM=xterm-256color
TMPDIR=C:\Users\Lenovo\AppData\Local\Temp
OS=Windows_NT
PROCESSOR_IDENTIFIER=Intel64 Family 6 Model 154 Stepping 4, GenuineIntel
TMP=C:\Users\Lenovo\AppData\Local\Temp
TEMP=C:\Users\Lenovo\AppData\Local\Temp




Periodic native trim disabled

JNI global refs:
JNI global refs: 0, weak refs: 0

JNI global refs memory usage: 0, weak refs: 0

Process memory usage:
Resident Set Size: 12872K (0% of 16436280K total physical memory with 4549348K free physical memory)

OOME stack traces (most recent first):
Classloader memory used:

---------------  S Y S T E M  ---------------

OS:
 Windows 11 , 64 bit Build 26100 (10.0.26100.3037)
OS uptime: 3 days 4:17 hours
Hyper-V role detected

CPU: total 12 (initial active 12) (6 cores per cpu, 2 threads per core) family 6 model 154 stepping 4 microcode 0x42a, cx8, cmov, fxsr, ht, mmx, 3dnowpref, sse, sse2, sse3, ssse3, sse4.1, sse4.2, popcnt, lzcnt, tsc, tscinvbit, avx, avx2, aes, erms, clmul, bmi1, bmi2, adx, sha, fma, vzeroupper, clflush, clflushopt, clwb, hv, serialize, rdtscp, rdpid, fsrm, f16c, cet_ibt, cet_ss
Processor Information for processor 0
  Max Mhz: 1600, Current Mhz: 1600, Mhz Limit: 1600
Processor Information for processor 1
  Max Mhz: 1600, Current Mhz: 1600, Mhz Limit: 1600
Processor Information for processor 2
  Max Mhz: 1600, Current Mhz: 1600, Mhz Limit: 1600
Processor Information for processor 3
  Max Mhz: 1600, Current Mhz: 1600, Mhz Limit: 1600
Processor Information for processor 4
  Max Mhz: 1600, Current Mhz: 1600, Mhz Limit: 1600
Processor Information for processor 5
  Max Mhz: 1600, Current Mhz: 1600, Mhz Limit: 1600
Processor Information for processor 6
  Max Mhz: 1600, Current Mhz: 1466, Mhz Limit: 1600
Processor Information for processor 7
  Max Mhz: 1600, Current Mhz: 1600, Mhz Limit: 1600
Processor Information for processor 8
  Max Mhz: 1600, Current Mhz: 1466, Mhz Limit: 1600
Processor Information for processor 9
  Max Mhz: 1600, Current Mhz: 1600, Mhz Limit: 1600
Processor Information for processor 10
  Max Mhz: 1600, Current Mhz: 1600, Mhz Limit: 1600
Processor Information for processor 11
  Max Mhz: 1600, Current Mhz: 1600, Mhz Limit: 1600

Memory: 4k page, system-wide physical 16051M (4442M free)
TotalPageFile size 28711M (AvailPageFile size 155M)
current process WorkingSet (physical memory assigned to process): 12M, peak: 12M
current process commit charge ("private bytes"): 64M, peak: 316M

vm_info: OpenJDK 64-Bit Server VM (21.0.4+-12508038-b607.1) for windows-amd64 JRE (21.0.4+-12508038-b607.1), built on 2024-10-16T17:23:34Z by "builder" with MS VC++ 16.10 / 16.11 (VS2019)

END.
